# JRE version: OpenJDK Runtime Environment (11.0.12+7) (build 11.0.12+7-b1504.28-7817840)
# Java VM: OpenJDK 64-Bit Server VM (11.0.12+7-b1504.28-7817840, mixed mode, tiered, compressed oops, g1 gc, windows-amd64)
Heap:
 garbage-first heap   total 585728K, used 208871K [0x00000000a0000000, 0x0000000100000000)
  region size 1024K, 8 young (8192K), 8 survivors (8192K)
 Metaspace       used 155154K, capacity 159055K, committed 159692K, reserved 1187840K
  class space    used 18773K, capacity 20183K, committed 20428K, reserved 1048576K
GC Heap History (20 events):
Event: 323.837 GC heap after
{Heap after GC invocations=107 (full 0):
 garbage-first heap   total 273408K, used 183352K [0x00000000a0000000, 0x0000000100000000)
  region size 1024K, 2 young (2048K), 2 survivors (2048K)
 Metaspace       used 155255K, capacity 159331K, committed 159436K, reserved 1187840K
  class space    used 18863K, capacity 20353K, committed 20428K, reserved 1048576K
}
Event: 324.242 GC heap before
{Heap before GC invocations=107 (full 0):
 garbage-first heap   total 273408K, used 237624K [0x00000000a0000000, 0x0000000100000000)
  region size 1024K, 56 young (57344K), 2 survivors (2048K)
 Metaspace       used 155330K, capacity 159408K, committed 159692K, reserved 1187840K
  class space    used 18870K, capacity 20354K, committed 20428K, reserved 1048576K
}
Event: 324.247 GC heap after
{Heap after GC invocations=108 (full 0):
 garbage-first heap   total 273408K, used 183216K [0x00000000a0000000, 0x0000000100000000)
  region size 1024K, 2 young (2048K), 2 survivors (2048K)
 Metaspace       used 155330K, capacity 159408K, committed 159692K, reserved 1187840K
  class space    used 18870K, capacity 20354K, committed 20428K, reserved 1048576K
}
Event: 324.439 GC heap before
{Heap before GC invocations=108 (full 0):
 garbage-first heap   total 273408K, used 239536K [0x00000000a0000000, 0x0000000100000000)
  region size 1024K, 56 young (57344K), 2 survivors (2048K)
 Metaspace       used 155370K, capacity 159480K, committed 159692K, reserved 1187840K
  class space    used 18870K, capacity 20354K, committed 20428K, reserved 1048576K
}
Event: 324.452 GC heap after
{Heap after GC invocations=109 (full 0):
 garbage-first heap   total 273408K, used 197469K [0x00000000a0000000, 0x0000000100000000)
  region size 1024K, 7 young (7168K), 7 survivors (7168K)
 Metaspace       used 155370K, capacity 159480K, committed 159692K, reserved 1187840K
  class space    used 18870K, capacity 20354K, committed 20428K, reserved 1048576K
}
Event: 324.584 GC heap before
{Heap before GC invocations=109 (full 0):
 garbage-first heap   total 273408K, used 233309K [0x00000000a0000000, 0x0000000100000000)
  region size 1024K, 43 young (44032K), 7 survivors (7168K)
 Metaspace       used 155394K, capacity 159488K, committed 159692K, reserved 1187840K
  class space    used 18870K, capacity 20355K, committed 20428K, reserved 1048576K
}
Event: 324.601 GC heap after
{Heap after GC invocations=110 (full 0):
 garbage-first heap   total 273408K, used 199967K [0x00000000a0000000, 0x0000000100000000)
  region size 1024K, 6 young (6144K), 6 survivors (6144K)
 Metaspace       used 155394K, capacity 159488K, committed 159692K, reserved 1187840K
  class space    used 18870K, capacity 20355K, committed 20428K, reserved 1048576K
}
Event: 324.706 GC heap before
{Heap before GC invocations=110 (full 0):
 garbage-first heap   total 273408K, used 231711K [0x00000000a0000000, 0x0000000100000000)
  region size 1024K, 38 young (38912K), 6 survivors (6144K)
 Metaspace       used 155402K, capacity 159494K, committed 159692K, reserved 1187840K
  class space    used 18871K, capacity 20356K, committed 20428K, reserved 1048576K
}
Event: 324.725 GC heap after
{Heap after GC invocations=111 (full 0):
 garbage-first heap   total 273408K, used 203269K [0x00000000a0000000, 0x0000000100000000)
  region size 1024K, 5 young (5120K), 5 survivors (5120K)
 Metaspace       used 155402K, capacity 159494K, committed 159692K, reserved 1187840K
  class space    used 18871K, capacity 20356K, committed 20428K, reserved 1048576K
}
Event: 324.834 GC heap before
{Heap before GC invocations=111 (full 0):
 garbage-first heap   total 273408K, used 233989K [0x00000000a0000000, 0x0000000100000000)
  region size 1024K, 35 young (35840K), 5 survivors (5120K)
 Metaspace       used 155411K, capacity 159495K, committed 159692K, reserved 1187840K
  class space    used 18871K, capacity 20356K, committed 20428K, reserved 1048576K
}
Event: 324.850 GC heap after
{Heap after GC invocations=112 (full 0):
 garbage-first heap   total 273408K, used 207494K [0x00000000a0000000, 0x0000000100000000)
  region size 1024K, 5 young (5120K), 5 survivors (5120K)
 Metaspace       used 155411K, capacity 159495K, committed 159692K, reserved 1187840K
  class space    used 18871K, capacity 20356K, committed 20428K, reserved 1048576K
}
Event: 324.950 GC heap before
{Heap before GC invocations=112 (full 0):
 garbage-first heap   total 273408K, used 234118K [0x00000000a0000000, 0x0000000100000000)
  region size 1024K, 32 young (32768K), 5 survivors (5120K)
 Metaspace       used 155416K, capacity 159497K, committed 159692K, reserved 1187840K
  class space    used 18871K, capacity 20356K, committed 20428K, reserved 1048576K
}
Event: 324.980 GC heap after
{Heap after GC invocations=113 (full 0):
 garbage-first heap   total 338944K, used 212951K [0x00000000a0000000, 0x0000000100000000)
  region size 1024K, 4 young (4096K), 4 survivors (4096K)
 Metaspace       used 155416K, capacity 159497K, committed 159692K, reserved 1187840K
  class space    used 18871K, capacity 20356K, committed 20428K, reserved 1048576K
}
Event: 325.515 GC heap before
{Heap before GC invocations=113 (full 0):
 garbage-first heap   total 338944K, used 262103K [0x00000000a0000000, 0x0000000100000000)
  region size 1024K, 56 young (57344K), 4 survivors (4096K)
 Metaspace       used 155148K, capacity 159048K, committed 159692K, reserved 1187840K
  class space    used 18773K, capacity 20183K, committed 20428K, reserved 1048576K
}
Event: 325.548 GC heap after
{Heap after GC invocations=114 (full 0):
 garbage-first heap   total 338944K, used 215826K [0x00000000a0000000, 0x0000000100000000)
  region size 1024K, 7 young (7168K), 7 survivors (7168K)
 Metaspace       used 155148K, capacity 159048K, committed 159692K, reserved 1187840K
  class space    used 18773K, capacity 20183K, committed 20428K, reserved 1048576K
}
Event: 325.871 GC heap before
{Heap before GC invocations=115 (full 0):
 garbage-first heap   total 338944K, used 269074K [0x00000000a0000000, 0x0000000100000000)
  region size 1024K, 59 young (60416K), 7 survivors (7168K)
 Metaspace       used 155154K, capacity 159055K, committed 159692K, reserved 1187840K
  class space    used 18773K, capacity 20183K, committed 20428K, reserved 1048576K
}
Event: 325.902 GC heap after
{Heap after GC invocations=116 (full 0):
 garbage-first heap   total 338944K, used 222693K [0x00000000a0000000, 0x0000000100000000)
  region size 1024K, 8 young (8192K), 8 survivors (8192K)
 Metaspace       used 155154K, capacity 159055K, committed 159692K, reserved 1187840K
  class space    used 18773K, capacity 20183K, committed 20428K, reserved 1048576K
}
Event: 325.930 GC heap before
{Heap before GC invocations=116 (full 0):
 garbage-first heap   total 338944K, used 230885K [0x00000000a0000000, 0x0000000100000000)
  region size 1024K, 16 young (16384K), 8 survivors (8192K)
 Metaspace       used 155154K, capacity 159055K, committed 159692K, reserved 1187840K
  class space    used 18773K, capacity 20183K, committed 20428K, reserved 1048576K
}
Event: 325.970 GC heap after
{Heap after GC invocations=117 (full 0):
 garbage-first heap   total 338944K, used 200363K [0x00000000a0000000, 0x0000000100000000)
  region size 1024K, 2 young (2048K), 2 survivors (2048K)
 Metaspace       used 155154K, capacity 159055K, committed 159692K, reserved 1187840K
  class space    used 18773K, capacity 20183K, committed 20428K, reserved 1048576K
}
Event: 326.197 GC heap before
{Heap before GC invocations=117 (full 0):
 garbage-first heap   total 338944K, used 262827K [0x00000000a0000000, 0x0000000100000000)
  region size 1024K, 63 young (64512K), 2 survivors (2048K)
 Metaspace       used 155154K, capacity 159055K, committed 159692K, reserved 1187840K
  class space    used 18773K, capacity 20183K, committed 20428K, reserved 1048576K
}

