# JRE version: OpenJDK Runtime Environment (11.0.12+7) (build 11.0.12+7-b1504.28-7817840)
# Java VM: OpenJDK 64-Bit Server VM (11.0.12+7-b1504.28-7817840, mixed mode, tiered, compressed oops, g1 gc, windows-amd64)
Heap:
 garbage-first heap   total 344064K, used 296795K [0x00000000a0000000, 0x0000000100000000)
  region size 1024K, 145 young (148480K), 13 survivors (13312K)
 Metaspace       used 105848K, capacity 108627K, committed 108876K, reserved 1142784K
  class space    used 13509K, capacity 14594K, committed 14720K, reserved 1048576K
GC Heap History (20 events):
Event: 29.808 GC heap before
{Heap before GC invocations=42 (full 0):
 garbage-first heap   total 344064K, used 262421K [0x00000000a0000000, 0x0000000100000000)
  region size 1024K, 110 young (112640K), 2 survivors (2048K)
 Metaspace       used 105390K, capacity 108201K, committed 108364K, reserved 1142784K
  class space    used 13485K, capacity 14578K, committed 14720K, reserved 1048576K
}
Event: 29.815 GC heap after
{Heap after GC invocations=43 (full 0):
 garbage-first heap   total 344064K, used 151206K [0x00000000a0000000, 0x0000000100000000)
  region size 1024K, 2 young (2048K), 2 survivors (2048K)
 Metaspace       used 105390K, capacity 108201K, committed 108364K, reserved 1142784K
  class space    used 13485K, capacity 14578K, committed 14720K, reserved 1048576K
}
Event: 30.303 GC heap before
{Heap before GC invocations=43 (full 0):
 garbage-first heap   total 344064K, used 272038K [0x00000000a0000000, 0x0000000100000000)
  region size 1024K, 120 young (122880K), 2 survivors (2048K)
 Metaspace       used 105472K, capacity 108271K, committed 108620K, reserved 1142784K
  class space    used 13496K, capacity 14578K, committed 14720K, reserved 1048576K
}
Event: 30.314 GC heap after
{Heap after GC invocations=44 (full 0):
 garbage-first heap   total 344064K, used 153534K [0x00000000a0000000, 0x0000000100000000)
  region size 1024K, 4 young (4096K), 4 survivors (4096K)
 Metaspace       used 105472K, capacity 108271K, committed 108620K, reserved 1142784K
  class space    used 13496K, capacity 14578K, committed 14720K, reserved 1048576K
}
Event: 30.900 GC heap before
{Heap before GC invocations=44 (full 0):
 garbage-first heap   total 344064K, used 285630K [0x00000000a0000000, 0x0000000100000000)
  region size 1024K, 133 young (136192K), 4 survivors (4096K)
 Metaspace       used 105525K, capacity 108346K, committed 108620K, reserved 1142784K
  class space    used 13498K, capacity 14581K, committed 14720K, reserved 1048576K
}
Event: 30.909 GC heap after
{Heap after GC invocations=45 (full 0):
 garbage-first heap   total 344064K, used 153371K [0x00000000a0000000, 0x0000000100000000)
  region size 1024K, 4 young (4096K), 4 survivors (4096K)
 Metaspace       used 105525K, capacity 108346K, committed 108620K, reserved 1142784K
  class space    used 13498K, capacity 14581K, committed 14720K, reserved 1048576K
}
Event: 31.578 GC heap before
{Heap before GC invocations=45 (full 0):
 garbage-first heap   total 344064K, used 289563K [0x00000000a0000000, 0x0000000100000000)
  region size 1024K, 137 young (140288K), 4 survivors (4096K)
 Metaspace       used 105620K, capacity 108432K, committed 108620K, reserved 1142784K
  class space    used 13500K, capacity 14583K, committed 14720K, reserved 1048576K
}
Event: 31.588 GC heap after
{Heap after GC invocations=46 (full 0):
 garbage-first heap   total 344064K, used 153106K [0x00000000a0000000, 0x0000000100000000)
  region size 1024K, 4 young (4096K), 4 survivors (4096K)
 Metaspace       used 105620K, capacity 108432K, committed 108620K, reserved 1142784K
  class space    used 13500K, capacity 14583K, committed 14720K, reserved 1048576K
}
Event: 32.153 GC heap before
{Heap before GC invocations=46 (full 0):
 garbage-first heap   total 344064K, used 291346K [0x00000000a0000000, 0x0000000100000000)
  region size 1024K, 140 young (143360K), 4 survivors (4096K)
 Metaspace       used 105660K, capacity 108437K, committed 108620K, reserved 1142784K
  class space    used 13501K, capacity 14584K, committed 14720K, reserved 1048576K
}
Event: 32.168 GC heap after
{Heap after GC invocations=47 (full 0):
 garbage-first heap   total 344064K, used 155873K [0x00000000a0000000, 0x0000000100000000)
  region size 1024K, 6 young (6144K), 6 survivors (6144K)
 Metaspace       used 105660K, capacity 108437K, committed 108620K, reserved 1142784K
  class space    used 13501K, capacity 14584K, committed 14720K, reserved 1048576K
}
Event: 32.718 GC heap before
{Heap before GC invocations=47 (full 0):
 garbage-first heap   total 344064K, used 293089K [0x00000000a0000000, 0x0000000100000000)
  region size 1024K, 141 young (144384K), 6 survivors (6144K)
 Metaspace       used 105696K, capacity 108512K, committed 108876K, reserved 1142784K
  class space    used 13506K, capacity 14588K, committed 14720K, reserved 1048576K
}
Event: 32.735 GC heap after
{Heap after GC invocations=48 (full 0):
 garbage-first heap   total 344064K, used 156536K [0x00000000a0000000, 0x0000000100000000)
  region size 1024K, 7 young (7168K), 7 survivors (7168K)
 Metaspace       used 105696K, capacity 108512K, committed 108876K, reserved 1142784K
  class space    used 13506K, capacity 14588K, committed 14720K, reserved 1048576K
}
Event: 33.354 GC heap before
{Heap before GC invocations=48 (full 0):
 garbage-first heap   total 344064K, used 294776K [0x00000000a0000000, 0x0000000100000000)
  region size 1024K, 142 young (145408K), 7 survivors (7168K)
 Metaspace       used 105716K, capacity 108524K, committed 108876K, reserved 1142784K
  class space    used 13508K, capacity 14592K, committed 14720K, reserved 1048576K
}
Event: 33.371 GC heap after
{Heap after GC invocations=49 (full 0):
 garbage-first heap   total 344064K, used 156341K [0x00000000a0000000, 0x0000000100000000)
  region size 1024K, 7 young (7168K), 7 survivors (7168K)
 Metaspace       used 105716K, capacity 108524K, committed 108876K, reserved 1142784K
  class space    used 13508K, capacity 14592K, committed 14720K, reserved 1048576K
}
Event: 33.935 GC heap before
{Heap before GC invocations=49 (full 0):
 garbage-first heap   total 344064K, used 294581K [0x00000000a0000000, 0x0000000100000000)
  region size 1024K, 143 young (146432K), 7 survivors (7168K)
 Metaspace       used 105733K, capacity 108533K, committed 108876K, reserved 1142784K
  class space    used 13508K, capacity 14593K, committed 14720K, reserved 1048576K
}
Event: 33.958 GC heap after
{Heap after GC invocations=50 (full 0):
 garbage-first heap   total 344064K, used 162045K [0x00000000a0000000, 0x0000000100000000)
  region size 1024K, 12 young (12288K), 12 survivors (12288K)
 Metaspace       used 105733K, capacity 108533K, committed 108876K, reserved 1142784K
  class space    used 13508K, capacity 14593K, committed 14720K, reserved 1048576K
}
Event: 34.498 GC heap before
{Heap before GC invocations=50 (full 0):
 garbage-first heap   total 344064K, used 295165K [0x00000000a0000000, 0x0000000100000000)
  region size 1024K, 142 young (145408K), 12 survivors (12288K)
 Metaspace       used 105817K, capacity 108623K, committed 108876K, reserved 1142784K
  class space    used 13509K, capacity 14594K, committed 14720K, reserved 1048576K
}
Event: 34.523 GC heap after
{Heap after GC invocations=51 (full 0):
 garbage-first heap   total 344064K, used 161612K [0x00000000a0000000, 0x0000000100000000)
  region size 1024K, 9 young (9216K), 9 survivors (9216K)
 Metaspace       used 105817K, capacity 108623K, committed 108876K, reserved 1142784K
  class space    used 13509K, capacity 14594K, committed 14720K, reserved 1048576K
}
Event: 35.040 GC heap before
{Heap before GC invocations=51 (full 0):
 garbage-first heap   total 344064K, used 295756K [0x00000000a0000000, 0x0000000100000000)
  region size 1024K, 140 young (143360K), 9 survivors (9216K)
 Metaspace       used 105837K, capacity 108626K, committed 108876K, reserved 1142784K
  class space    used 13509K, capacity 14594K, committed 14720K, reserved 1048576K
}
Event: 35.057 GC heap after
{Heap after GC invocations=52 (full 0):
 garbage-first heap   total 344064K, used 161627K [0x00000000a0000000, 0x0000000100000000)
  region size 1024K, 9 young (9216K), 9 survivors (9216K)
 Metaspace       used 105837K, capacity 108626K, committed 108876K, reserved 1142784K
  class space    used 13509K, capacity 14594K, committed 14720K, reserved 1048576K
}

